<?xml version="1.0" encoding="UTF-8"?>
<testsuite xmlns:xsi="http://www.w3.org/2001/XMLSchema-instance" xsi:noNamespaceSchemaLocation="https://maven.apache.org/surefire/maven-surefire-plugin/xsd/surefire-test-report.xsd" name="entity.ShipTest" time="1.801" tests="4" errors="0" skipped="0" failures="0">
  <properties>
[...]
</properties>
  <testcase name="shoot" classname="entity.ShipTest" time="0.78"/>
  <testcase name="moveRight" classname="entity.ShipTest" time="0"/>
  <testcase name="destroy" classname="entity.ShipTest" time="1.015"/>
  <testcase name="getSpeed" classname="entity.ShipTest" time="0.001"/>
</testsuite>